[debug] [2021-11-02T22:14:44.420Z] ----------------------------------------------------------------------
[debug] [2021-11-02T22:14:44.422Z] Command:       /usr/local/bin/node /usr/local/bin/firebase serve
[debug] [2021-11-02T22:14:44.422Z] CLI Version:   9.21.0
[debug] [2021-11-02T22:14:44.422Z] Platform:      darwin
[debug] [2021-11-02T22:14:44.422Z] Node Version:  v14.17.5
[debug] [2021-11-02T22:14:44.423Z] Time:          Tue Nov 02 2021 17:14:44 GMT-0500 (Colombia Standard Time)
[debug] [2021-11-02T22:14:44.423Z] ----------------------------------------------------------------------
[debug] 
[debug] [2021-11-02T22:14:44.476Z] > command requires scopes: ["email","openid","https://www.googleapis.com/auth/cloudplatformprojects.readonly","https://www.googleapis.com/auth/firebase","https://www.googleapis.com/auth/cloud-platform"]
[debug] [2021-11-02T22:14:44.476Z] > authorizing via signed-in user (camilokosniowswki@gmail.com)
[debug] [2021-11-02T22:14:44.476Z] [iam] checking project odontomanager-95368 for permissions ["firebase.projects.get"]
[debug] [2021-11-02T22:14:44.479Z] >>> HTTP REQUEST POST https://cloudresourcemanager.googleapis.com/v1/projects/odontomanager-95368:testIamPermissions  
 {"permissions":["firebase.projects.get"]}
[debug] [2021-11-02T22:14:45.039Z] <<< HTTP RESPONSE 200 {"content-type":"application/json; charset=UTF-8","vary":"X-Origin, Referer, Origin,Accept-Encoding","date":"Tue, 02 Nov 2021 22:14:45 GMT","server":"ESF","cache-control":"private","x-xss-protection":"0","x-frame-options":"SAMEORIGIN","x-content-type-options":"nosniff","server-timing":"gfet4t7; dur=332","alt-svc":"h3=\":443\"; ma=2592000,h3-29=\":443\"; ma=2592000,h3-Q050=\":443\"; ma=2592000,h3-Q046=\":443\"; ma=2592000,h3-Q043=\":443\"; ma=2592000,quic=\":443\"; ma=2592000; v=\"46,43\"","accept-ranges":"none","transfer-encoding":"chunked"}
[debug] [2021-11-02T22:14:45.041Z] > refreshing access token with scopes: []
[debug] [2021-11-02T22:14:45.042Z] >>> HTTP REQUEST POST https://www.googleapis.com/oauth2/v3/token  
 <request body omitted>
[debug] [2021-11-02T22:14:45.429Z] <<< HTTP RESPONSE 200 {"date":"Tue, 02 Nov 2021 22:14:45 GMT","expires":"Mon, 01 Jan 1990 00:00:00 GMT","cache-control":"no-cache, no-store, max-age=0, must-revalidate","pragma":"no-cache","content-type":"application/json; charset=utf-8","vary":"X-Origin, Referer, Origin,Accept-Encoding","server":"scaffolding on HTTPServer2","x-xss-protection":"0","x-frame-options":"SAMEORIGIN","x-content-type-options":"nosniff","alt-svc":"h3=\":443\"; ma=2592000,h3-29=\":443\"; ma=2592000,h3-Q050=\":443\"; ma=2592000,h3-Q046=\":443\"; ma=2592000,h3-Q043=\":443\"; ma=2592000,quic=\":443\"; ma=2592000; v=\"46,43\"","accept-ranges":"none","transfer-encoding":"chunked"}
[debug] [2021-11-02T22:14:45.477Z] >>> [apiv2][query] GET https://firebase.googleapis.com/v1beta1/projects/odontomanager-95368 [none]
[debug] [2021-11-02T22:14:46.111Z] <<< [apiv2][status] GET https://firebase.googleapis.com/v1beta1/projects/odontomanager-95368 200
[debug] [2021-11-02T22:14:46.111Z] <<< [apiv2][body] GET https://firebase.googleapis.com/v1beta1/projects/odontomanager-95368 {"projectId":"odontomanager-95368","projectNumber":"321602864419","displayName":"OdontoManager","name":"projects/odontomanager-95368","resources":{"hostingSite":"odontomanager-95368","realtimeDatabaseInstance":"odontomanager-95368-default-rtdb","storageBucket":"odontomanager-95368.appspot.com","locationId":"us-central"},"state":"ACTIVE"}
[info] 
[info] === Serving from '/Users/camilo.kosniowski/Documents/Pruebas/odontofirebase'...
[info] 
[debug] [2021-11-02T22:14:46.114Z] >>> [apiv2][query] GET https://firebasehosting.googleapis.com/v1beta1/projects/odontomanager-95368/sites 
[info] ✔  functions: Using node@14 from host. {"metadata":{"emulator":{"name":"functions"},"message":"Using node@14 from host."}}
[debug] [2021-11-02T22:14:46.129Z] defaultcredentials: writing to file /Users/camilo.kosniowski/.config/firebase/camilokosniowswki_gmail_com_application_default_credentials.json
[debug] [2021-11-02T22:14:46.131Z] Setting GAC to /Users/camilo.kosniowski/.config/firebase/camilokosniowswki_gmail_com_application_default_credentials.json {"metadata":{"emulator":{"name":"functions"},"message":"Setting GAC to /Users/camilo.kosniowski/.config/firebase/camilokosniowswki_gmail_com_application_default_credentials.json"}}
[debug] [2021-11-02T22:14:46.132Z] >>> [apiv2][query] GET https://firebase.googleapis.com/v1beta1/projects/odontomanager-95368/adminSdkConfig [none]
[debug] [2021-11-02T22:14:46.600Z] <<< [apiv2][status] GET https://firebase.googleapis.com/v1beta1/projects/odontomanager-95368/adminSdkConfig 200
[debug] [2021-11-02T22:14:46.600Z] <<< [apiv2][body] GET https://firebase.googleapis.com/v1beta1/projects/odontomanager-95368/adminSdkConfig {"projectId":"odontomanager-95368","databaseURL":"https://odontomanager-95368-default-rtdb.firebaseio.com","storageBucket":"odontomanager-95368.appspot.com","locationId":"us-central"}
[debug] [2021-11-02T22:14:47.889Z] <<< [apiv2][status] GET https://firebasehosting.googleapis.com/v1beta1/projects/odontomanager-95368/sites 200
[debug] [2021-11-02T22:14:47.889Z] <<< [apiv2][body] GET https://firebasehosting.googleapis.com/v1beta1/projects/odontomanager-95368/sites {"sites":[{"name":"projects/321602864419/sites/odontomanager-95368","defaultUrl":"https://odontomanager-95368.web.app","appId":"1:321602864419:web:296654683aaa96bcfa7896","type":"DEFAULT_SITE"}]}
[debug] [2021-11-02T22:14:47.890Z] >>> [apiv2][query] GET https://firebase.googleapis.com/v1beta1/projects/odontomanager-95368/webApps/1:321602864419:web:296654683aaa96bcfa7896/config [none]
[debug] [2021-11-02T22:14:48.706Z] <<< [apiv2][status] GET https://firebase.googleapis.com/v1beta1/projects/odontomanager-95368/webApps/1:321602864419:web:296654683aaa96bcfa7896/config 200
[debug] [2021-11-02T22:14:48.706Z] <<< [apiv2][body] GET https://firebase.googleapis.com/v1beta1/projects/odontomanager-95368/webApps/1:321602864419:web:296654683aaa96bcfa7896/config {"projectId":"odontomanager-95368","appId":"1:321602864419:web:296654683aaa96bcfa7896","databaseURL":"https://odontomanager-95368-default-rtdb.firebaseio.com","storageBucket":"odontomanager-95368.appspot.com","locationId":"us-central","apiKey":"AIzaSyDOc8e9COmKR5v74dTAqU695dj-g_7kbsw","authDomain":"odontomanager-95368.firebaseapp.com","messagingSenderId":"321602864419"}
[info] i  functions: Watching "/Users/camilo.kosniowski/Documents/Pruebas/odontofirebase/functions" for Cloud Functions... {"metadata":{"emulator":{"name":"functions"},"message":"Watching \"/Users/camilo.kosniowski/Documents/Pruebas/odontofirebase/functions\" for Cloud Functions..."}}
[debug] [2021-11-02T22:14:48.763Z] [worker-pool] addWorker(~diagnostic~) {"metadata":{"emulator":{"name":"functions"},"message":"[worker-pool] addWorker(~diagnostic~)"}}
[debug] [2021-11-02T22:14:48.764Z] [worker-pool] Adding worker with key ~diagnostic~, total=1 {"metadata":{"emulator":{"name":"functions"},"message":"[worker-pool] Adding worker with key ~diagnostic~, total=1"}}
[debug] [2021-11-02T22:14:48.765Z] [worker-pool] submitWork(triggerId=) {"metadata":{"emulator":{"name":"functions"},"message":"[worker-pool] submitWork(triggerId=)"}}
[debug] [2021-11-02T22:14:48.765Z] [worker-~diagnostic~-ed9d0fdd-6438-42ba-a932-9ac9359c6c97]: Assigning socketPath: /var/folders/6c/yhjy6ss90877b_vs3w5bw9_rslt27r/T/fire_emu_4519.sock {"metadata":{"emulator":{"name":"functions"},"message":"[worker-~diagnostic~-ed9d0fdd-6438-42ba-a932-9ac9359c6c97]: Assigning socketPath: /var/folders/6c/yhjy6ss90877b_vs3w5bw9_rslt27r/T/fire_emu_4519.sock"}}
[debug] [2021-11-02T22:14:48.765Z] [worker-~diagnostic~-ed9d0fdd-6438-42ba-a932-9ac9359c6c97]: BUSY {"metadata":{"emulator":{"name":"functions"},"message":"[worker-~diagnostic~-ed9d0fdd-6438-42ba-a932-9ac9359c6c97]: BUSY"}}
[info] i  hosting: Serving hosting files from: public/odontofirebase {"metadata":{"emulator":{"name":"hosting"},"message":"Serving hosting files from: \u001b[1mpublic/odontofirebase\u001b[22m"}}
[info] ✔  hosting: Local server: http://localhost:5000 {"metadata":{"emulator":{"name":"hosting"},"message":"Local server: \u001b[4m\u001b[1mhttp://localhost:5000\u001b[22m\u001b[24m"}}
[debug] [2021-11-02T22:14:48.921Z] [runtime-status] [4519] Functions runtime initialized. {"cwd":"/Users/camilo.kosniowski/Documents/Pruebas/odontofirebase/functions","node_version":"14.17.5"} {"metadata":{"emulator":{"name":"functions"},"message":"[runtime-status] [4519] Functions runtime initialized. {\"cwd\":\"/Users/camilo.kosniowski/Documents/Pruebas/odontofirebase/functions\",\"node_version\":\"14.17.5\"}"}}
[debug] [2021-11-02T22:14:48.923Z] [runtime-status] [4519] Disabled runtime features: undefined {"metadata":{"emulator":{"name":"functions"},"message":"[runtime-status] [4519] Disabled runtime features: undefined"}}
[debug] [2021-11-02T22:14:48.926Z] [runtime-status] [4519] Resolved module firebase-admin {"declared":true,"installed":true,"version":"9.12.0","resolution":"/Users/camilo.kosniowski/Documents/Pruebas/odontofirebase/functions/node_modules/firebase-admin/lib/index.js"} {"metadata":{"emulator":{"name":"functions"},"message":"[runtime-status] [4519] Resolved module firebase-admin {\"declared\":true,\"installed\":true,\"version\":\"9.12.0\",\"resolution\":\"/Users/camilo.kosniowski/Documents/Pruebas/odontofirebase/functions/node_modules/firebase-admin/lib/index.js\"}"}}
[debug] [2021-11-02T22:14:48.928Z] [runtime-status] [4519] Resolved module firebase-functions {"declared":true,"installed":true,"version":"3.16.0","resolution":"/Users/camilo.kosniowski/Documents/Pruebas/odontofirebase/functions/node_modules/firebase-functions/lib/index.js"} {"metadata":{"emulator":{"name":"functions"},"message":"[runtime-status] [4519] Resolved module firebase-functions {\"declared\":true,\"installed\":true,\"version\":\"3.16.0\",\"resolution\":\"/Users/camilo.kosniowski/Documents/Pruebas/odontofirebase/functions/node_modules/firebase-functions/lib/index.js\"}"}}
[debug] [2021-11-02T22:14:48.930Z] [runtime-status] [4519] Outgoing network have been stubbed. [{"name":"http","status":"mocked"},{"name":"http","status":"mocked"},{"name":"https","status":"mocked"},{"name":"https","status":"mocked"},{"name":"net","status":"mocked"}] {"metadata":{"emulator":{"name":"functions"},"message":"[runtime-status] [4519] Outgoing network have been stubbed. [{\"name\":\"http\",\"status\":\"mocked\"},{\"name\":\"http\",\"status\":\"mocked\"},{\"name\":\"https\",\"status\":\"mocked\"},{\"name\":\"https\",\"status\":\"mocked\"},{\"name\":\"net\",\"status\":\"mocked\"}]"}}
[debug] [2021-11-02T22:14:48.931Z] [runtime-status] [4519] Resolved module firebase-functions {"declared":true,"installed":true,"version":"3.16.0","resolution":"/Users/camilo.kosniowski/Documents/Pruebas/odontofirebase/functions/node_modules/firebase-functions/lib/index.js"} {"metadata":{"emulator":{"name":"functions"},"message":"[runtime-status] [4519] Resolved module firebase-functions {\"declared\":true,\"installed\":true,\"version\":\"3.16.0\",\"resolution\":\"/Users/camilo.kosniowski/Documents/Pruebas/odontofirebase/functions/node_modules/firebase-functions/lib/index.js\"}"}}
[debug] [2021-11-02T22:14:48.991Z] [runtime-status] [4519] Checked functions.config() {"config":{}} {"metadata":{"emulator":{"name":"functions"},"message":"[runtime-status] [4519] Checked functions.config() {\"config\":{}}"}}
[debug] [2021-11-02T22:14:48.991Z] [runtime-status] [4519] firebase-functions has been stubbed. {"functionsResolution":{"declared":true,"installed":true,"version":"3.16.0","resolution":"/Users/camilo.kosniowski/Documents/Pruebas/odontofirebase/functions/node_modules/firebase-functions/lib/index.js"}} {"metadata":{"emulator":{"name":"functions"},"message":"[runtime-status] [4519] firebase-functions has been stubbed. {\"functionsResolution\":{\"declared\":true,\"installed\":true,\"version\":\"3.16.0\",\"resolution\":\"/Users/camilo.kosniowski/Documents/Pruebas/odontofirebase/functions/node_modules/firebase-functions/lib/index.js\"}}"}}
[debug] [2021-11-02T22:14:48.992Z] [runtime-status] [4519] Resolved module firebase-functions {"declared":true,"installed":true,"version":"3.16.0","resolution":"/Users/camilo.kosniowski/Documents/Pruebas/odontofirebase/functions/node_modules/firebase-functions/lib/index.js"} {"metadata":{"emulator":{"name":"functions"},"message":"[runtime-status] [4519] Resolved module firebase-functions {\"declared\":true,\"installed\":true,\"version\":\"3.16.0\",\"resolution\":\"/Users/camilo.kosniowski/Documents/Pruebas/odontofirebase/functions/node_modules/firebase-functions/lib/index.js\"}"}}
[debug] [2021-11-02T22:14:48.992Z] [runtime-status] [4519] Resolved module firebase-admin {"declared":true,"installed":true,"version":"9.12.0","resolution":"/Users/camilo.kosniowski/Documents/Pruebas/odontofirebase/functions/node_modules/firebase-admin/lib/index.js"} {"metadata":{"emulator":{"name":"functions"},"message":"[runtime-status] [4519] Resolved module firebase-admin {\"declared\":true,\"installed\":true,\"version\":\"9.12.0\",\"resolution\":\"/Users/camilo.kosniowski/Documents/Pruebas/odontofirebase/functions/node_modules/firebase-admin/lib/index.js\"}"}}
[debug] [2021-11-02T22:14:48.993Z] [runtime-status] [4519] Resolved module firebase-functions {"declared":true,"installed":true,"version":"3.16.0","resolution":"/Users/camilo.kosniowski/Documents/Pruebas/odontofirebase/functions/node_modules/firebase-functions/lib/index.js"} {"metadata":{"emulator":{"name":"functions"},"message":"[runtime-status] [4519] Resolved module firebase-functions {\"declared\":true,\"installed\":true,\"version\":\"3.16.0\",\"resolution\":\"/Users/camilo.kosniowski/Documents/Pruebas/odontofirebase/functions/node_modules/firebase-functions/lib/index.js\"}"}}
[debug] [2021-11-02T22:14:48.993Z] [runtime-status] [4519] firebase-admin has been stubbed. {"adminResolution":{"declared":true,"installed":true,"version":"9.12.0","resolution":"/Users/camilo.kosniowski/Documents/Pruebas/odontofirebase/functions/node_modules/firebase-admin/lib/index.js"}} {"metadata":{"emulator":{"name":"functions"},"message":"[runtime-status] [4519] firebase-admin has been stubbed. {\"adminResolution\":{\"declared\":true,\"installed\":true,\"version\":\"9.12.0\",\"resolution\":\"/Users/camilo.kosniowski/Documents/Pruebas/odontofirebase/functions/node_modules/firebase-admin/lib/index.js\"}}"}}
[info] ✔  functions[us-central1-helloWorld]: http function initialized (http://localhost:5001/odontomanager-95368/us-central1/helloWorld). {"metadata":{"emulator":{"name":"functions"},"message":"\u001b[1mhttp\u001b[22m function initialized (http://localhost:5001/odontomanager-95368/us-central1/helloWorld)."}}
[debug] [2021-11-02T22:14:48.996Z] [worker-~diagnostic~-ed9d0fdd-6438-42ba-a932-9ac9359c6c97]: IDLE {"metadata":{"emulator":{"name":"functions"},"message":"[worker-~diagnostic~-ed9d0fdd-6438-42ba-a932-9ac9359c6c97]: IDLE"}}
